<?xml version="1.0" encoding="UTF-8"?>
<testng-results ignored="0" total="1" passed="1" failed="0" skipped="0">
  <reporter-output>
  </reporter-output>
  <suite started-at="2024-08-21T15:16:50 IST" name="Default suite" finished-at="2024-08-21T15:16:58 IST" duration-ms="8625">
    <groups>
    </groups>
    <test started-at="2024-08-21T15:16:50 IST" name="Default test" finished-at="2024-08-21T15:16:58 IST" duration-ms="8625">
      <class name="Runner.Main">
        <test-method is-config="true" signature="setup()[pri:0, instance:Runner.Main@5824a83d]" started-at="2024-08-21T15:16:50 IST" name="setup" finished-at="2024-08-21T15:16:55 IST" duration-ms="5160" status="PASS">
          <reporter-output>
          </reporter-output>
        </test-method> <!-- setup -->
        <test-method signature="Test()[pri:0, instance:Runner.Main@5824a83d]" started-at="2024-08-21T15:16:55 IST" name="Test" finished-at="2024-08-21T15:16:58 IST" duration-ms="2951" status="PASS">
          <reporter-output>
          </reporter-output>
        </test-method> <!-- Test -->
        <test-method is-config="true" signature="close()[pri:0, instance:Runner.Main@5824a83d]" started-at="2024-08-21T15:16:58 IST" name="close" finished-at="2024-08-21T15:16:58 IST" duration-ms="421" status="PASS">
          <reporter-output>
          </reporter-output>
        </test-method> <!-- close -->
      </class> <!-- Runner.Main -->
    </test> <!-- Default test -->
  </suite> <!-- Default suite -->
</testng-results>
